  Game.cpp
C:\Users\lucas\Documents\Universidad\2º DDV\1er Cuatrimestre\Programación Avanzada\Práticas\Prac1\Prac1_ProgAv\Game.h(2,10): warning C4067: símbolos (token) inesperados después de la directiva del preprocesador; se esperaba una nueva línea
C:\Users\lucas\Documents\Universidad\2º DDV\1er Cuatrimestre\Programación Avanzada\Práticas\Prac1\Prac1_ProgAv\Color.h(11,1): warning C4305: '=': truncamiento de 'double' a 'float'
C:\Users\lucas\Documents\Universidad\2º DDV\1er Cuatrimestre\Programación Avanzada\Práticas\Prac1\Prac1_ProgAv\Color.h(12,1): warning C4305: '=': truncamiento de 'double' a 'float'
C:\Users\lucas\Documents\Universidad\2º DDV\1er Cuatrimestre\Programación Avanzada\Práticas\Prac1\Prac1_ProgAv\Color.h(13,1): warning C4305: '=': truncamiento de 'double' a 'float'
C:\Users\lucas\Documents\Universidad\2º DDV\1er Cuatrimestre\Programación Avanzada\Práticas\Prac1\Prac1_ProgAv\Teapot.h(26,1): warning C4305: 'inicializando': truncamiento de 'double' a 'float'
  Prac1_ProgAv.cpp
C:\Users\lucas\Documents\Universidad\2º DDV\1er Cuatrimestre\Programación Avanzada\Práticas\Prac1\Prac1_ProgAv\Game.h(2,10): warning C4067: símbolos (token) inesperados después de la directiva del preprocesador; se esperaba una nueva línea
C:\Users\lucas\Documents\Universidad\2º DDV\1er Cuatrimestre\Programación Avanzada\Práticas\Prac1\Prac1_ProgAv\Color.h(11,1): warning C4305: '=': truncamiento de 'double' a 'float'
C:\Users\lucas\Documents\Universidad\2º DDV\1er Cuatrimestre\Programación Avanzada\Práticas\Prac1\Prac1_ProgAv\Color.h(12,1): warning C4305: '=': truncamiento de 'double' a 'float'
C:\Users\lucas\Documents\Universidad\2º DDV\1er Cuatrimestre\Programación Avanzada\Práticas\Prac1\Prac1_ProgAv\Color.h(13,1): warning C4305: '=': truncamiento de 'double' a 'float'
C:\Users\lucas\Documents\Universidad\2º DDV\1er Cuatrimestre\Programación Avanzada\Práticas\Prac1\Prac1_ProgAv\Teapot.h(26,1): warning C4305: 'inicializando': truncamiento de 'double' a 'float'
C:\Users\lucas\Documents\Universidad\2º DDV\1er Cuatrimestre\Programación Avanzada\Práticas\Prac1\Prac1_ProgAv\Prac1_ProgAv.cpp(17,25): warning C4305: 'inicializando': truncamiento de 'double' a 'GLclampf'
C:\Users\lucas\Documents\Universidad\2º DDV\1er Cuatrimestre\Programación Avanzada\Práticas\Prac1\Prac1_ProgAv\Prac1_ProgAv.cpp(18,27): warning C4305: 'inicializando': truncamiento de 'double' a 'GLclampf'
  Teapot.cpp
C:\Users\lucas\Documents\Universidad\2º DDV\1er Cuatrimestre\Programación Avanzada\Práticas\Prac1\Prac1_ProgAv\Color.h(11,1): warning C4305: '=': truncamiento de 'double' a 'float'
C:\Users\lucas\Documents\Universidad\2º DDV\1er Cuatrimestre\Programación Avanzada\Práticas\Prac1\Prac1_ProgAv\Color.h(12,1): warning C4305: '=': truncamiento de 'double' a 'float'
C:\Users\lucas\Documents\Universidad\2º DDV\1er Cuatrimestre\Programación Avanzada\Práticas\Prac1\Prac1_ProgAv\Color.h(13,1): warning C4305: '=': truncamiento de 'double' a 'float'
C:\Users\lucas\Documents\Universidad\2º DDV\1er Cuatrimestre\Programación Avanzada\Práticas\Prac1\Prac1_ProgAv\Teapot.h(26,1): warning C4305: 'inicializando': truncamiento de 'double' a 'float'
  Generando código...
  Prac1_ProgAv.vcxproj -> C:\Users\lucas\Documents\Universidad\2º DDV\1er Cuatrimestre\Programación Avanzada\Práticas\Prac1\Prac1_ProgAv\Debug\Prac1_ProgAv.exe
